\BOOKMARK [1][-]{section.1}{Introduction to Variational Autoencoders}{}% 1
\BOOKMARK [1][-]{section.2}{Implementing Variational Autoencoders}{}% 2
\BOOKMARK [2][-]{subsection.2.1}{Network Architecture}{section.2}% 3
\BOOKMARK [2][-]{subsection.2.2}{Xavier Initialization}{section.2}% 4
\BOOKMARK [2][-]{subsection.2.3}{Decoder Distribution}{section.2}% 5
\BOOKMARK [3][-]{subsubsection.2.3.1}{Gaussian Decoder and Encoder Structure}{subsection.2.3}% 6
\BOOKMARK [3][-]{subsubsection.2.3.2}{Bernoulli Decoder Structure}{subsection.2.3}% 7
\BOOKMARK [3][-]{subsubsection.2.3.3}{Comparing Decoder Distributions}{subsection.2.3}% 8
\BOOKMARK [2][-]{subsection.2.4}{Importance Weighting}{section.2}% 9
\BOOKMARK [2][-]{subsection.2.5}{Batch Normalization}{section.2}% 10
\BOOKMARK [2][-]{subsection.2.6}{Warm Up}{section.2}% 11
\BOOKMARK [2][-]{subsection.2.7}{Initial Latent Dimension}{section.2}% 12
\BOOKMARK [1][-]{section.3}{Latent Dimension Activity}{}% 13
\BOOKMARK [2][-]{subsection.3.1}{Activity Metric}{section.3}% 14
\BOOKMARK [2][-]{subsection.3.2}{Effects of Implementation on Activity}{section.3}% 15
\BOOKMARK [3][-]{subsubsection.3.2.1}{Importance Weighting}{subsection.3.2}% 16
\BOOKMARK [3][-]{subsubsection.3.2.2}{Random Dropout}{subsection.3.2}% 17
\BOOKMARK [3][-]{subsubsection.3.2.3}{Batch Normalization}{subsection.3.2}% 18
\BOOKMARK [3][-]{subsubsection.3.2.4}{Warm Up}{subsection.3.2}% 19
\BOOKMARK [3][-]{subsubsection.3.2.5}{Initial Latent Dimension}{subsection.3.2}% 20
\BOOKMARK [1][-]{section.4}{Latent Space Visualization}{}% 21
\BOOKMARK [2][-]{subsection.4.1}{Data Reconstruction}{section.4}% 22
\BOOKMARK [2][-]{subsection.4.2}{Data Latent Transformation}{section.4}% 23
\BOOKMARK [2][-]{subsection.4.3}{Latent Hyperplane Lattice Generation}{section.4}% 24
\BOOKMARK [2][-]{subsection.4.4}{References}{section.4}% 25
